Flow report for vga2ws
Wed Nov 15 17:06:37 2023
Quartus II 64-Bit Version 12.1 Build 177 11/07/2012 SJ Web Edition


---------------------
; Table of Contents ;
---------------------
  1. Legal Notice
  2. Flow Summary
  3. Flow Settings
  4. Flow Non-Default Global Settings
  5. Flow Elapsed Time
  6. Flow OS Summary
  7. Flow Log



----------------
; Legal Notice ;
----------------
Copyright (C) 1991-2012 Altera Corporation
Your use of Altera Corporation's design tools, logic functions 
and other software and tools, and its AMPP partner logic 
functions, and any output files from any of the foregoing 
(including device programming or simulation files), and any 
associated documentation or information are expressly subject 
to the terms and conditions of the Altera Program License 
Subscription Agreement, Altera MegaCore Function License 
Agreement, or other applicable license agreement, including, 
without limitation, that your use is for the sole purpose of 
programming logic devices manufactured by Altera and sold by 
Altera or its authorized distributors.  Please refer to the 
applicable agreement for further details.



+----------------------------------------------------------------------+
; Flow Summary                                                         ;
+---------------------------+------------------------------------------+
; Flow Status               ; Successful - Wed Nov 15 17:06:37 2023    ;
; Quartus II 64-Bit Version ; 12.1 Build 177 11/07/2012 SJ Web Edition ;
; Revision Name             ; vga2ws                                   ;
; Top-level Entity Name     ; vga2ws                                   ;
; Family                    ; MAX II                                   ;
; Device                    ; EPM240T100I5                             ;
; Timing Models             ; Final                                    ;
; Total logic elements      ; 206 / 240 ( 86 % )                       ;
; Total pins                ; 71 / 80 ( 89 % )                         ;
; Total virtual pins        ; 0                                        ;
; UFM blocks                ; 0 / 1 ( 0 % )                            ;
+---------------------------+------------------------------------------+


+-----------------------------------------+
; Flow Settings                           ;
+-------------------+---------------------+
; Option            ; Setting             ;
+-------------------+---------------------+
; Start date & time ; 11/15/2023 17:06:23 ;
; Main task         ; Compilation         ;
; Revision Name     ; vga2ws              ;
+-------------------+---------------------+


+---------------------------------------------------------------------------------------------------------------------+
; Flow Non-Default Global Settings                                                                                    ;
+---------------------------------------+------------------------------+---------------+-------------+----------------+
; Assignment Name                       ; Value                        ; Default Value ; Entity Name ; Section Id     ;
+---------------------------------------+------------------------------+---------------+-------------+----------------+
; COMPILER_SIGNATURE_ID                 ; 134154554036.170005358203944 ; --            ; --          ; --             ;
; EDA_OUTPUT_DATA_FORMAT                ; Vhdl                         ; --            ; --          ; eda_simulation ;
; EDA_SIMULATION_TOOL                   ; ModelSim-Altera (VHDL)       ; <None>        ; --          ; --             ;
; MAX_CORE_JUNCTION_TEMP                ; 100                          ; --            ; --          ; --             ;
; MIN_CORE_JUNCTION_TEMP                ; -40                          ; --            ; --          ; --             ;
; POWER_EXT_SUPPLY_VOLTAGE_TO_REGULATOR ; 3.3V                         ; --            ; --          ; --             ;
; PROJECT_OUTPUT_DIRECTORY              ; output_files                 ; --            ; --          ; --             ;
+---------------------------------------+------------------------------+---------------+-------------+----------------+


+-------------------------------------------------------------------------------------------------------------------------------+
; Flow Elapsed Time                                                                                                             ;
+---------------------------+--------------+-------------------------+---------------------+------------------------------------+
; Module Name               ; Elapsed Time ; Average Processors Used ; Peak Virtual Memory ; Total CPU Time (on all processors) ;
+---------------------------+--------------+-------------------------+---------------------+------------------------------------+
; Analysis & Synthesis      ; 00:00:02     ; 1.0                     ; 414 MB              ; 00:00:02                           ;
; Fitter                    ; 00:00:05     ; 1.0                     ; 470 MB              ; 00:00:04                           ;
; Assembler                 ; 00:00:01     ; 1.0                     ; 370 MB              ; 00:00:01                           ;
; TimeQuest Timing Analyzer ; 00:00:02     ; 1.0                     ; 369 MB              ; 00:00:02                           ;
; EDA Netlist Writer        ; 00:00:01     ; 1.0                     ; 358 MB              ; 00:00:01                           ;
; Total                     ; 00:00:11     ; --                      ; --                  ; 00:00:10                           ;
+---------------------------+--------------+-------------------------+---------------------+------------------------------------+


+----------------------------------------------------------------------------------------+
; Flow OS Summary                                                                        ;
+---------------------------+------------------+-----------+------------+----------------+
; Module Name               ; Machine Hostname ; OS Name   ; OS Version ; Processor type ;
+---------------------------+------------------+-----------+------------+----------------+
; Analysis & Synthesis      ; Zatim-PC         ; Windows 7 ; 6.1        ; x86_64         ;
; Fitter                    ; Zatim-PC         ; Windows 7 ; 6.1        ; x86_64         ;
; Assembler                 ; Zatim-PC         ; Windows 7 ; 6.1        ; x86_64         ;
; TimeQuest Timing Analyzer ; Zatim-PC         ; Windows 7 ; 6.1        ; x86_64         ;
; EDA Netlist Writer        ; Zatim-PC         ; Windows 7 ; 6.1        ; x86_64         ;
+---------------------------+------------------+-----------+------------+----------------+


------------
; Flow Log ;
------------
quartus_map --read_settings_files=on --write_settings_files=off vga2ws -c vga2ws
quartus_fit --read_settings_files=off --write_settings_files=off vga2ws -c vga2ws
quartus_asm --read_settings_files=off --write_settings_files=off vga2ws -c vga2ws
quartus_sta vga2ws -c vga2ws
quartus_eda --read_settings_files=off --write_settings_files=off vga2ws -c vga2ws



